This is pdfTeX, Version 3.141592653-2.6-1.40.25 (MiKTeX 23.12) (preloaded format=pdflatex 2024.1.20)  20 JAN 2024 12:22
entering extended mode
 restricted \write18 enabled.
 %&-line parsing enabled.
**./MathNotation.tex
(MathNotation.tex
LaTeX2e <2023-11-01>
L3 programming layer <2024-01-04>
(C:\Users\hp\AppData\Local\Programs\MiKTeX\tex/latex/base\book.cls
Document Class: book 2023/05/17 v1.4n Standard LaTeX document class
(C:\Users\hp\AppData\Local\Programs\MiKTeX\tex/latex/base\bk10.clo
File: bk10.clo 2023/05/17 v1.4n Standard LaTeX file (size option)
)
\c@part=\count187
\c@chapter=\count188
\c@section=\count189
\c@subsection=\count190
\c@subsubsection=\count191
\c@paragraph=\count192
\c@subparagraph=\count193
\c@figure=\count194
\c@table=\count195
\abovecaptionskip=\skip48
\belowcaptionskip=\skip49
\bibindent=\dimen140
)
(C:\Users\hp\AppData\Local\Programs\MiKTeX\tex/latex/minitoc\minitoc.sty
Package: minitoc 2018/07/12 v62 Package minitoc

(C:\Users\hp\AppData\Local\Programs\MiKTeX\tex/latex/minitoc\mtcmess.sty
Package: mtcmess 2006/03/14
)
Package minitoc Info: I0001
(minitoc)             *** minitoc package, version 62 ***.
\tf@mtc=\write3
\mtcindent=\skip50
\mtcskipamount=\skip51
Package minitoc Info: I0005
(minitoc)             compatible with hyperref.
Package minitoc Info: I0023
(minitoc)             part level macros available.
Package minitoc Info: I0003
(minitoc)             chapter level macros available.
\mtc@toks=\toks17
\mtc@strutbox=\box51
\mtc@hstrutbox=\box52
Package minitoc Info: I0002
(minitoc)             Autoconfiguration of extensions.
\openout3 = `MathNotation.mtc0'.

\openout3 = `MathNotation.mtc'.


(MathNotation.mtc0)
Package minitoc Info: I0012
(minitoc)             Long extensions (Unix-like) will be used.
Package minitoc Info: I0031
(minitoc)             ==> this version is configured for UNIX-like 
(minitoc)                 (long extensions) file names.
\openout3 = `MathNotation.mtc'.

\openout3 = `MathNotation.mtc0'.

\c@mtc=\count196
\c@minitocdepth=\count197
\c@ptc=\count198
\c@parttocdepth=\count199
\ptcindent=\skip52
Package minitoc Info: I0010
(minitoc)             The english language is selected.
(minitoc)              on input line 4910.

(C:\Users\hp\AppData\Local\Programs\MiKTeX\tex/latex/minitoc\english.mld
File: english.mld 2006/01/13
)
(C:\Users\hp\AppData\Local\Programs\MiKTeX\tex/latex/minitoc\english.mld
File: english.mld 2006/01/13
))
(C:\Users\hp\AppData\Local\Programs\MiKTeX\tex/latex/l3backend\l3backend-pdftex
.def
File: l3backend-pdftex.def 2024-01-04 L3 backend support: PDF output (pdfTeX)
\l__color_backend_stack_int=\count266
\l__pdf_internal_box=\box53
) (MathNotation.aux)
\openout1 = `MathNotation.aux'.

LaTeX Font Info:    Checking defaults for OML/cmm/m/it on input line 6.
LaTeX Font Info:    ... okay on input line 6.
LaTeX Font Info:    Checking defaults for OMS/cmsy/m/n on input line 6.
LaTeX Font Info:    ... okay on input line 6.
LaTeX Font Info:    Checking defaults for OT1/cmr/m/n on input line 6.
LaTeX Font Info:    ... okay on input line 6.
LaTeX Font Info:    Checking defaults for T1/cmr/m/n on input line 6.
LaTeX Font Info:    ... okay on input line 6.
LaTeX Font Info:    Checking defaults for TS1/cmr/m/n on input line 6.
LaTeX Font Info:    ... okay on input line 6.
LaTeX Font Info:    Checking defaults for OMX/cmex/m/n on input line 6.
LaTeX Font Info:    ... okay on input line 6.
LaTeX Font Info:    Checking defaults for U/cmr/m/n on input line 6.
LaTeX Font Info:    ... okay on input line 6.
Package minitoc(hints) Info: I0049
(minitoc(hints))             ==> You requested the hints option. 
(minitoc(hints))             Some hints are eventually given below.
Package minitoc Info: I0024
(minitoc)             PREPARING MINITOCS FROM MathNotation.toc on input line 8.

Package minitoc Info: I0033
(minitoc)             Writing MathNotation.mtc1.
\openout3 = `MathNotation.mtc1'.

Package minitoc Info: I0033
(minitoc)             Writing MathNotation.mtc2.
\openout3 = `MathNotation.mtc2'.

Package minitoc Info: I0033
(minitoc)             Writing MathNotation.mtc3.
\openout3 = `MathNotation.mtc3'.

 (MathNotation.toc
LaTeX Font Info:    External font `cmex10' loaded for size
(Font)              <7> on input line 1.
LaTeX Font Info:    External font `cmex10' loaded for size
(Font)              <5> on input line 1.
)
\tf@toc=\write4
\openout4 = `MathNotation.toc'.

\tf@toc=\write5
\openout5 = `MathNotation.toc'.

 [1


{C:/Users/hp/AppData/Local/MiKTeX/fonts/map/pdftex/pdftex.map}]
Chapter 1.
LaTeX Font Info:    External font `cmex10' loaded for size
(Font)              <24.88> on input line 11.
LaTeX Font Info:    External font `cmex10' loaded for size
(Font)              <20.74> on input line 11.
LaTeX Font Info:    External font `cmex10' loaded for size
(Font)              <17.28> on input line 11.
\openout3 = `MathNotation.mtc'.

\openout3 = `MathNotation.mtc'.

LaTeX Font Info:    External font `cmex10' loaded for size
(Font)              <9> on input line 14.
LaTeX Font Info:    External font `cmex10' loaded for size
(Font)              <6> on input line 14.
(MathNotation.mtc1)
LaTeX Font Info:    External font `cmex10' loaded for size
(Font)              <14.4> on input line 14.
 [2

]
Chapter 2.
\openout3 = `MathNotation.mtc'.

\openout3 = `MathNotation.mtc'.

(MathNotation.mtc2)
LaTeX Font Info:    Trying to load font information for OMS+cmr on input line 2
5.

(C:\Users\hp\AppData\Local\Programs\MiKTeX\tex/latex/base\omscmr.fd
File: omscmr.fd 2023/04/13 v2.5m Standard LaTeX font definitions
)
LaTeX Font Info:    Font shape `OMS/cmr/m/n' in size <10> not available
(Font)              Font shape `OMS/cmsy/m/n' tried instead on input line 25.
 [3

]
Chapter 3.
\openout3 = `MathNotation.mtc'.

\openout3 = `MathNotation.mtc'.

(MathNotation.mtc3)
Package minitoc Info: I0009
(minitoc)             Listing minitoc auxiliary files. 
(minitoc)             Creating the MathNotation.maf file.
\openout3 = `MathNotation.maf'.

Package minitoc(hints) Info: I0019
(minitoc(hints))             No hints have been written 
(minitoc(hints))             in the MathNotation.log file..
 [4

] (MathNotation.aux)
 ***********
LaTeX2e <2023-11-01>
L3 programming layer <2024-01-04>
 ***********
 ) 
Here is how much of TeX's memory you used:
 2600 strings out of 474486
 44450 string characters out of 5745171
 1929528 words of memory out of 5000000
 24919 multiletter control sequences out of 15000+600000
 566657 words of font info for 64 fonts, out of 8000000 for 9000
 1141 hyphenation exceptions out of 8191
 41i,9n,51p,229b,411s stack positions out of 10000i,1000n,20000p,200000b,200000s
<C:/Users/hp/AppData/Local/Programs/MiKTeX/fonts/type1/public/amsfonts/cm/cmb
x10.pfb><C:/Users/hp/AppData/Local/Programs/MiKTeX/fonts/type1/public/amsfonts/
cm/cmbx12.pfb><C:/Users/hp/AppData/Local/Programs/MiKTeX/fonts/type1/public/ams
fonts/cm/cmbx6.pfb><C:/Users/hp/AppData/Local/Programs/MiKTeX/fonts/type1/publi
c/amsfonts/cm/cmbx7.pfb><C:/Users/hp/AppData/Local/Programs/MiKTeX/fonts/type1/
public/amsfonts/cm/cmbx9.pfb><C:/Users/hp/AppData/Local/Programs/MiKTeX/fonts/t
ype1/public/amsfonts/cm/cmr10.pfb><C:/Users/hp/AppData/Local/Programs/MiKTeX/fo
nts/type1/public/amsfonts/cm/cmr7.pfb><C:/Users/hp/AppData/Local/Programs/MiKTe
X/fonts/type1/public/amsfonts/cm/cmr9.pfb><C:/Users/hp/AppData/Local/Programs/M
iKTeX/fonts/type1/public/amsfonts/cm/cmsy10.pfb><C:/Users/hp/AppData/Local/Prog
rams/MiKTeX/fonts/type1/public/amsfonts/cm/cmti10.pfb>
Output written on MathNotation.pdf (4 pages, 129709 bytes).
PDF statistics:
 65 PDF objects out of 1000 (max. 8388607)
 0 named destinations out of 1000 (max. 500000)
 1 words of extra memory for PDF output out of 10000 (max. 10000000)

